UrbanRun/app/build/outputs/logs/manifest-merger-release-report.txt
-- Merging decision tree log ---
manifest
ADDED from AndroidManifest.xml:2:1
	package
		ADDED from AndroidManifest.xml:3:5
		INJECTED from AndroidManifest.xml:0:0
		INJECTED from AndroidManifest.xml:0:0
	android:versionName
		ADDED from AndroidManifest.xml:5:5
	android:versionCode
		ADDED from AndroidManifest.xml:4:5
		INJECTED from AndroidManifest.xml:0:0
		INJECTED from AndroidManifest.xml:0:0
	xmlns:android
		ADDED from AndroidManifest.xml:2:11
uses-sdk
ADDED from AndroidManifest.xml:7:5
MERGED from com.android.support:support-v4:22.0.0:20:5
MERGED from com.google.android.gms:play-services:7.0.0:18:5
MERGED from com.google.android.gms:play-services-ads:7.0.0:18:5
MERGED from com.google.android.gms:play-services-base:7.0.0:18:5
MERGED from com.android.support:support-v4:22.0.0:20:5
MERGED from com.google.android.gms:play-services-analytics:7.0.0:18:5
MERGED from com.google.android.gms:play-services-base:7.0.0:18:5
MERGED from com.android.support:support-v4:22.0.0:20:5
MERGED from com.google.android.gms:play-services-analytics:7.0.0:18:5
MERGED from com.google.android.gms:play-services-base:7.0.0:18:5
MERGED from com.android.support:support-v4:22.0.0:20:5
MERGED from com.google.android.gms:play-services-appindexing:7.0.0:18:5
MERGED from com.google.android.gms:play-services-base:7.0.0:18:5
MERGED from com.android.support:support-v4:22.0.0:20:5
MERGED from com.google.android.gms:play-services-appstate:7.0.0:18:5
MERGED from com.google.android.gms:play-services-base:7.0.0:18:5
MERGED from com.android.support:support-v4:22.0.0:20:5
MERGED from com.google.android.gms:play-services-base:7.0.0:18:5
MERGED from com.android.support:support-v4:22.0.0:20:5
MERGED from com.google.android.gms:play-services-cast:7.0.0:18:5
MERGED from com.google.android.gms:play-services-base:7.0.0:18:5
MERGED from com.android.support:support-v4:22.0.0:20:5
MERGED from com.google.android.gms:play-services-drive:7.0.0:18:5
MERGED from com.google.android.gms:play-services-base:7.0.0:18:5
MERGED from com.android.support:support-v4:22.0.0:20:5
MERGED from com.google.android.gms:play-services-fitness:7.0.0:18:5
MERGED from com.google.android.gms:play-services-base:7.0.0:18:5
MERGED from com.android.support:support-v4:22.0.0:20:5
MERGED from com.google.android.gms:play-services-location:7.0.0:18:5
MERGED from com.google.android.gms:play-services-base:7.0.0:18:5
MERGED from com.android.support:support-v4:22.0.0:20:5
MERGED from com.google.android.gms:play-services-maps:7.0.0:18:5
MERGED from com.google.android.gms:play-services-base:7.0.0:18:5
MERGED from com.android.support:support-v4:22.0.0:20:5
MERGED from com.google.android.gms:play-services-games:7.0.0:18:5
MERGED from com.google.android.gms:play-services-base:7.0.0:18:5
MERGED from com.android.support:support-v4:22.0.0:20:5
MERGED from com.google.android.gms:play-services-drive:7.0.0:18:5
MERGED from com.google.android.gms:play-services-base:7.0.0:18:5
MERGED from com.android.support:support-v4:22.0.0:20:5
MERGED from com.google.android.gms:play-services-gcm:7.0.0:18:5
MERGED from com.google.android.gms:play-services-base:7.0.0:18:5
MERGED from com.android.support:support-v4:22.0.0:20:5
MERGED from com.google.android.gms:play-services-identity:7.0.0:18:5
MERGED from com.google.android.gms:play-services-base:7.0.0:18:5
MERGED from com.android.support:support-v4:22.0.0:20:5
MERGED from com.google.android.gms:play-services-location:7.0.0:18:5
MERGED from com.google.android.gms:play-services-base:7.0.0:18:5
MERGED from com.android.support:support-v4:22.0.0:20:5
MERGED from com.google.android.gms:play-services-maps:7.0.0:18:5
MERGED from com.google.android.gms:play-services-base:7.0.0:18:5
MERGED from com.android.support:support-v4:22.0.0:20:5
MERGED from com.google.android.gms:play-services-maps:7.0.0:18:5
MERGED from com.google.android.gms:play-services-base:7.0.0:18:5
MERGED from com.android.support:support-v4:22.0.0:20:5
MERGED from com.google.android.gms:play-services-nearby:7.0.0:18:5
MERGED from com.google.android.gms:play-services-base:7.0.0:18:5
MERGED from com.android.support:support-v4:22.0.0:20:5
MERGED from com.google.android.gms:play-services-panorama:7.0.0:18:5
MERGED from com.google.android.gms:play-services-base:7.0.0:18:5
MERGED from com.android.support:support-v4:22.0.0:20:5
MERGED from com.google.android.gms:play-services-plus:7.0.0:18:5
MERGED from com.google.android.gms:play-services-base:7.0.0:18:5
MERGED from com.android.support:support-v4:22.0.0:20:5
MERGED from com.google.android.gms:play-services-safetynet:7.0.0:18:5
MERGED from com.google.android.gms:play-services-base:7.0.0:18:5
MERGED from com.android.support:support-v4:22.0.0:20:5
MERGED from com.google.android.gms:play-services-wallet:7.0.0:18:5
MERGED from com.google.android.gms:play-services-base:7.0.0:18:5
MERGED from com.android.support:support-v4:22.0.0:20:5
MERGED from com.google.android.gms:play-services-identity:7.0.0:18:5
MERGED from com.google.android.gms:play-services-base:7.0.0:18:5
MERGED from com.android.support:support-v4:22.0.0:20:5
MERGED from com.google.android.gms:play-services-maps:7.0.0:18:5
MERGED from com.google.android.gms:play-services-base:7.0.0:18:5
MERGED from com.android.support:support-v4:22.0.0:20:5
MERGED from com.google.android.gms:play-services-wearable:7.0.0:18:5
MERGED from com.google.android.gms:play-services-base:7.0.0:18:5
MERGED from com.android.support:support-v4:22.0.0:20:5
MERGED from com.facebook.android:facebook-android-sdk:4.0.0:24:5
MERGED from com.android.support:support-v4:22.0.0:20:5
	android:targetSdkVersion
		ADDED from AndroidManifest.xml:9:9
		INJECTED from AndroidManifest.xml:0:0
		INJECTED from AndroidManifest.xml:0:0
	android:minSdkVersion
		ADDED from AndroidManifest.xml:8:9
		INJECTED from AndroidManifest.xml:0:0
		INJECTED from AndroidManifest.xml:0:0
uses-feature#0x00020000
ADDED from AndroidManifest.xml:11:5
	android:glEsVersion
		ADDED from AndroidManifest.xml:12:9
	android:required
		ADDED from AndroidManifest.xml:13:9
permission#android.permission.MAPS_RECEIVE
ADDED from AndroidManifest.xml:15:5
	android:protectionLevel
		ADDED from AndroidManifest.xml:17:9
	android:name
		ADDED from AndroidManifest.xml:16:9
uses-permission#android.permission.MAPS_RECEIVE
ADDED from AndroidManifest.xml:19:5
	android:name
		ADDED from AndroidManifest.xml:19:22
uses-permission#android.permission.INTERNET
ADDED from AndroidManifest.xml:20:5
	android:name
		ADDED from AndroidManifest.xml:20:22
uses-permission#android.permission.ACCESS_NETWORK_STATE
ADDED from AndroidManifest.xml:21:5
	android:name
		ADDED from AndroidManifest.xml:21:22
uses-permission#android.permission.WRITE_EXTERNAL_STORAGE
ADDED from AndroidManifest.xml:22:5
	android:name
		ADDED from AndroidManifest.xml:22:22
uses-permission#android.permission.ACCESS_COARSE_LOCATION
ADDED from AndroidManifest.xml:27:5
	android:name
		ADDED from AndroidManifest.xml:27:22
uses-permission#android.permission.ACCESS_FINE_LOCATION
ADDED from AndroidManifest.xml:28:5
	android:name
		ADDED from AndroidManifest.xml:28:22
uses-permission#android.permission.READ_PHONE_STATE
ADDED from AndroidManifest.xml:29:5
	android:name
		ADDED from AndroidManifest.xml:29:22
uses-permission#android.permission.READ_EXTERNAL_STORAGE
ADDED from AndroidManifest.xml:30:5
	android:maxSdkVersion
		ADDED from AndroidManifest.xml:32:9
	android:name
		ADDED from AndroidManifest.xml:31:9
application
ADDED from AndroidManifest.xml:34:5
MERGED from com.android.support:support-v4:22.0.0:22:5
MERGED from com.google.android.gms:play-services:7.0.0:19:5
MERGED from com.google.android.gms:play-services-ads:7.0.0:19:5
MERGED from com.google.android.gms:play-services-base:7.0.0:20:5
MERGED from com.android.support:support-v4:22.0.0:22:5
MERGED from com.google.android.gms:play-services-analytics:7.0.0:19:5
MERGED from com.google.android.gms:play-services-base:7.0.0:20:5
MERGED from com.android.support:support-v4:22.0.0:22:5
MERGED from com.google.android.gms:play-services-analytics:7.0.0:19:5
MERGED from com.google.android.gms:play-services-base:7.0.0:20:5
MERGED from com.android.support:support-v4:22.0.0:22:5
MERGED from com.google.android.gms:play-services-appindexing:7.0.0:19:5
MERGED from com.google.android.gms:play-services-base:7.0.0:20:5
MERGED from com.android.support:support-v4:22.0.0:22:5
MERGED from com.google.android.gms:play-services-appstate:7.0.0:19:5
MERGED from com.google.android.gms:play-services-base:7.0.0:20:5
MERGED from com.android.support:support-v4:22.0.0:22:5
MERGED from com.google.android.gms:play-services-base:7.0.0:20:5
MERGED from com.android.support:support-v4:22.0.0:22:5
MERGED from com.google.android.gms:play-services-cast:7.0.0:19:5
MERGED from com.google.android.gms:play-services-base:7.0.0:20:5
MERGED from com.android.support:support-v4:22.0.0:22:5
MERGED from com.google.android.gms:play-services-drive:7.0.0:19:5
MERGED from com.google.android.gms:play-services-base:7.0.0:20:5
MERGED from com.android.support:support-v4:22.0.0:22:5
MERGED from com.google.android.gms:play-services-fitness:7.0.0:19:5
MERGED from com.google.android.gms:play-services-base:7.0.0:20:5
MERGED from com.android.support:support-v4:22.0.0:22:5
MERGED from com.google.android.gms:play-services-location:7.0.0:19:5
MERGED from com.google.android.gms:play-services-base:7.0.0:20:5
MERGED from com.android.support:support-v4:22.0.0:22:5
MERGED from com.google.android.gms:play-services-maps:7.0.0:19:5
MERGED from com.google.android.gms:play-services-base:7.0.0:20:5
MERGED from com.android.support:support-v4:22.0.0:22:5
MERGED from com.google.android.gms:play-services-games:7.0.0:19:5
MERGED from com.google.android.gms:play-services-base:7.0.0:20:5
MERGED from com.android.support:support-v4:22.0.0:22:5
MERGED from com.google.android.gms:play-services-drive:7.0.0:19:5
MERGED from com.google.android.gms:play-services-base:7.0.0:20:5
MERGED from com.android.support:support-v4:22.0.0:22:5
MERGED from com.google.android.gms:play-services-gcm:7.0.0:19:5
MERGED from com.google.android.gms:play-services-base:7.0.0:20:5
MERGED from com.android.support:support-v4:22.0.0:22:5
MERGED from com.google.android.gms:play-services-identity:7.0.0:19:5
MERGED from com.google.android.gms:play-services-base:7.0.0:20:5
MERGED from com.android.support:support-v4:22.0.0:22:5
MERGED from com.google.android.gms:play-services-location:7.0.0:19:5
MERGED from com.google.android.gms:play-services-base:7.0.0:20:5
MERGED from com.android.support:support-v4:22.0.0:22:5
MERGED from com.google.android.gms:play-services-maps:7.0.0:19:5
MERGED from com.google.android.gms:play-services-base:7.0.0:20:5
MERGED from com.android.support:support-v4:22.0.0:22:5
MERGED from com.google.android.gms:play-services-maps:7.0.0:19:5
MERGED from com.google.android.gms:play-services-base:7.0.0:20:5
MERGED from com.android.support:support-v4:22.0.0:22:5
MERGED from com.google.android.gms:play-services-nearby:7.0.0:19:5
MERGED from com.google.android.gms:play-services-base:7.0.0:20:5
MERGED from com.android.support:support-v4:22.0.0:22:5
MERGED from com.google.android.gms:play-services-panorama:7.0.0:19:5
MERGED from com.google.android.gms:play-services-base:7.0.0:20:5
MERGED from com.android.support:support-v4:22.0.0:22:5
MERGED from com.google.android.gms:play-services-plus:7.0.0:19:5
MERGED from com.google.android.gms:play-services-base:7.0.0:20:5
MERGED from com.android.support:support-v4:22.0.0:22:5
MERGED from com.google.android.gms:play-services-safetynet:7.0.0:19:5
MERGED from com.google.android.gms:play-services-base:7.0.0:20:5
MERGED from com.android.support:support-v4:22.0.0:22:5
MERGED from com.google.android.gms:play-services-wallet:7.0.0:19:5
MERGED from com.google.android.gms:play-services-base:7.0.0:20:5
MERGED from com.android.support:support-v4:22.0.0:22:5
MERGED from com.google.android.gms:play-services-identity:7.0.0:19:5
MERGED from com.google.android.gms:play-services-base:7.0.0:20:5
MERGED from com.android.support:support-v4:22.0.0:22:5
MERGED from com.google.android.gms:play-services-maps:7.0.0:19:5
MERGED from com.google.android.gms:play-services-base:7.0.0:20:5
MERGED from com.android.support:support-v4:22.0.0:22:5
MERGED from com.google.android.gms:play-services-wearable:7.0.0:19:5
MERGED from com.google.android.gms:play-services-base:7.0.0:20:5
MERGED from com.android.support:support-v4:22.0.0:22:5
MERGED from com.facebook.android:facebook-android-sdk:4.0.0:28:5
MERGED from com.android.support:support-v4:22.0.0:22:5
	android:label
		ADDED from AndroidManifest.xml:37:9
	android:allowBackup
		ADDED from AndroidManifest.xml:35:9
	android:icon
		ADDED from AndroidManifest.xml:36:9
	android:theme
		ADDED from AndroidManifest.xml:38:9
meta-data#com.google.android.gms.version
ADDED from AndroidManifest.xml:39:9
MERGED from com.google.android.gms:play-services-base:7.0.0:21:9
MERGED from com.google.android.gms:play-services-base:7.0.0:21:9
MERGED from com.google.android.gms:play-services-base:7.0.0:21:9
MERGED from com.google.android.gms:play-services-base:7.0.0:21:9
MERGED from com.google.android.gms:play-services-base:7.0.0:21:9
MERGED from com.google.android.gms:play-services-base:7.0.0:21:9
MERGED from com.google.android.gms:play-services-base:7.0.0:21:9
MERGED from com.google.android.gms:play-services-base:7.0.0:21:9
MERGED from com.google.android.gms:play-services-base:7.0.0:21:9
MERGED from com.google.android.gms:play-services-base:7.0.0:21:9
MERGED from com.google.android.gms:play-services-base:7.0.0:21:9
MERGED from com.google.android.gms:play-services-base:7.0.0:21:9
MERGED from com.google.android.gms:play-services-base:7.0.0:21:9
MERGED from com.google.android.gms:play-services-base:7.0.0:21:9
MERGED from com.google.android.gms:play-services-base:7.0.0:21:9
MERGED from com.google.android.gms:play-services-base:7.0.0:21:9
MERGED from com.google.android.gms:play-services-base:7.0.0:21:9
MERGED from com.google.android.gms:play-services-base:7.0.0:21:9
MERGED from com.google.android.gms:play-services-base:7.0.0:21:9
MERGED from com.google.android.gms:play-services-base:7.0.0:21:9
MERGED from com.google.android.gms:play-services-base:7.0.0:21:9
MERGED from com.google.android.gms:play-services-base:7.0.0:21:9
MERGED from com.google.android.gms:play-services-base:7.0.0:21:9
MERGED from com.google.android.gms:play-services-base:7.0.0:21:9
MERGED from com.google.android.gms:play-services-base:7.0.0:21:9
MERGED from com.google.android.gms:play-services-base:7.0.0:21:9
	android:value
		ADDED from AndroidManifest.xml:41:13
	android:name
		ADDED from AndroidManifest.xml:40:13
activity#com.facebook.FacebookActivity
ADDED from AndroidManifest.xml:43:9
	android:label
		ADDED from AndroidManifest.xml:46:13
	android:configChanges
		ADDED from AndroidManifest.xml:45:13
	android:theme
		ADDED from AndroidManifest.xml:47:13
	android:name
		ADDED from AndroidManifest.xml:44:13
activity#team2.urbanrun.LaunchActivity
ADDED from AndroidManifest.xml:48:9
	android:label
		ADDED from AndroidManifest.xml:50:13
	android:name
		ADDED from AndroidManifest.xml:49:13
activity#team2.urbanrun.FriendsChoosingActivity
ADDED from AndroidManifest.xml:52:9
	android:label
		ADDED from AndroidManifest.xml:54:13
	android:theme
		ADDED from AndroidManifest.xml:55:13
	android:name
		ADDED from AndroidManifest.xml:53:13
activity#team2.urbanrun.ArenaChoosingActivity
ADDED from AndroidManifest.xml:57:9
	android:label
		ADDED from AndroidManifest.xml:59:13
	android:theme
		ADDED from AndroidManifest.xml:60:13
	android:name
		ADDED from AndroidManifest.xml:58:13
activity#team2.urbanrun.GameActivity
ADDED from AndroidManifest.xml:62:9
	android:screenOrientation
		ADDED from AndroidManifest.xml:65:13
	android:label
		ADDED from AndroidManifest.xml:64:13
	android:theme
		ADDED from AndroidManifest.xml:66:13
	android:name
		ADDED from AndroidManifest.xml:63:13
activity#team2.urbanrun.EndGameActivity
ADDED from AndroidManifest.xml:68:9
	android:label
		ADDED from AndroidManifest.xml:70:13
	android:theme
		ADDED from AndroidManifest.xml:71:13
	android:name
		ADDED from AndroidManifest.xml:69:13
meta-data#com.google.android.geo.API_KEY
ADDED from AndroidManifest.xml:80:9
	android:value
		ADDED from AndroidManifest.xml:82:13
	android:name
		ADDED from AndroidManifest.xml:81:13
meta-data#com.facebook.sdk.ApplicationId
ADDED from AndroidManifest.xml:85:9
	android:value
		ADDED from AndroidManifest.xml:87:13
	android:name
		ADDED from AndroidManifest.xml:86:13
activity#team2.urbanrun.MainScreen
ADDED from AndroidManifest.xml:89:9
	android:label
		ADDED from AndroidManifest.xml:91:13
	android:theme
		ADDED from AndroidManifest.xml:92:13
	android:name
		ADDED from AndroidManifest.xml:90:13
activity#team2.urbanrun.SetTime
ADDED from AndroidManifest.xml:94:9
	android:label
		ADDED from AndroidManifest.xml:96:13
	android:theme
		ADDED from AndroidManifest.xml:97:13
	android:name
		ADDED from AndroidManifest.xml:95:13
activity#team2.urbanrun.WaitingScreen
ADDED from AndroidManifest.xml:99:9
	android:label
		ADDED from AndroidManifest.xml:101:13
	android:theme
		ADDED from AndroidManifest.xml:102:13
	android:name
		ADDED from AndroidManifest.xml:100:13
activity#team2.urbanrun.TrophyScreen
ADDED from AndroidManifest.xml:104:9
	android:label
		ADDED from AndroidManifest.xml:106:13
	android:theme
		ADDED from AndroidManifest.xml:107:13
	android:name
		ADDED from AndroidManifest.xml:105:13
activity#team2.urbanrun.WelcomePage
ADDED from AndroidManifest.xml:109:9
	android:name
		ADDED from AndroidManifest.xml:109:19
intent-filter#android.intent.action.MAIN+android.intent.category.LAUNCHER
ADDED from AndroidManifest.xml:110:13
action#android.intent.action.MAIN
ADDED from AndroidManifest.xml:111:17
	android:name
		ADDED from AndroidManifest.xml:111:25
category#android.intent.category.LAUNCHER
ADDED from AndroidManifest.xml:113:17
	android:name
		ADDED from AndroidManifest.xml:113:27
activity#team2.urbanrun.tutorial
ADDED from AndroidManifest.xml:116:9
	android:label
		ADDED from AndroidManifest.xml:119:13
	android:configChanges
		ADDED from AndroidManifest.xml:118:13
	android:theme
		ADDED from AndroidManifest.xml:120:13
	android:name
		ADDED from AndroidManifest.xml:117:13